<?xml version="1.0" encoding="windows-1252" standalone="no"?>
<!DOCTYPE log SYSTEM "logger.dtd">
<log>
<record>
  <date>2017-12-16T17:55:03</date>
  <millis>1513446903163</millis>
  <sequence>0</sequence>
  <logger>org.uma.jmetal.util.JMetalLogger</logger>
  <level>INFO</level>
  <class>org.uma.jmetal.util.JMetalLogger</class>
  <method>configureLoggers</method>
  <thread>14</thread>
  <message>Loggers configured with null</message>
</record>
<record>
  <date>2017-12-16T17:55:03</date>
  <millis>1513446903389</millis>
  <sequence>1</sequence>
  <logger>org.uma.jmetal.util.JMetalLogger</logger>
  <level>INFO</level>
  <class>org.uma.jmetal.util.experiment.component.ExecuteAlgorithms</class>
  <method>run</method>
  <thread>14</thread>
  <message>ExecuteAlgorithms: Preparing output directory</message>
</record>
<record>
  <date>2017-12-16T17:55:03</date>
  <millis>1513446903501</millis>
  <sequence>2</sequence>
  <logger>org.uma.jmetal.util.JMetalLogger</logger>
  <level>INFO</level>
  <class>org.uma.jmetal.util.experiment.util.ExperimentAlgorithm</class>
  <method>runAlgorithm</method>
  <thread>14</thread>
  <message>Creating config/AntiSpamStudy/data/NSGAII/AntiSpamFilterProblem</message>
</record>
<record>
  <date>2017-12-16T17:55:03</date>
  <millis>1513446903504</millis>
  <sequence>3</sequence>
  <logger>org.uma.jmetal.util.JMetalLogger</logger>
  <level>INFO</level>
  <class>org.uma.jmetal.util.experiment.util.ExperimentAlgorithm</class>
  <method>runAlgorithm</method>
  <thread>14</thread>
  <message> Running algorithm: NSGAII, problem: AntiSpamFilterProblem, run: 0, funFile: config/AntiSpamStudy/data/NSGAII/AntiSpamFilterProblem/FUN0.tsv</message>
</record>
<record>
  <date>2017-12-16T17:55:06</date>
  <millis>1513446906020</millis>
  <sequence>4</sequence>
  <logger>org.uma.jmetal.util.JMetalLogger</logger>
  <level>INFO</level>
  <class>org.uma.jmetal.util.experiment.component.GenerateReferenceParetoSetAndFrontFromDoubleSolutions</class>
  <method>createOutputDirectory</method>
  <thread>14</thread>
  <message>Creating config/referenceFronts. Status = true</message>
</record>
<record>
  <date>2017-12-16T17:55:06</date>
  <millis>1513446906161</millis>
  <sequence>5</sequence>
  <logger>org.uma.jmetal.util.JMetalLogger</logger>
  <level>INFO</level>
  <class>org.uma.jmetal.util.experiment.component.ComputeQualityIndicators</class>
  <method>run</method>
  <thread>14</thread>
  <message>Computing indicator: HV</message>
</record>
<record>
  <date>2017-12-16T17:55:06</date>
  <millis>1513446906163</millis>
  <sequence>6</sequence>
  <logger>org.uma.jmetal.util.JMetalLogger</logger>
  <level>INFO</level>
  <class>org.uma.jmetal.util.experiment.component.ComputeQualityIndicators</class>
  <method>run</method>
  <thread>14</thread>
  <message>RF: config/referenceFronts/AntiSpamFilterProblem.rf</message>
</record>
<record>
  <date>2017-12-16T17:55:06</date>
  <millis>1513446906167</millis>
  <sequence>7</sequence>
  <logger>org.uma.jmetal.util.JMetalLogger</logger>
  <level>INFO</level>
  <class>org.uma.jmetal.util.experiment.component.ComputeQualityIndicators</class>
  <method>resetFile</method>
  <thread>14</thread>
  <message>File config/AntiSpamStudy/data/NSGAII/AntiSpamFilterProblem/HV does NOT exist.</message>
</record>
<record>
  <date>2017-12-16T17:55:06</date>
  <millis>1513446906172</millis>
  <sequence>8</sequence>
  <logger>org.uma.jmetal.util.JMetalLogger</logger>
  <level>INFO</level>
  <class>org.uma.jmetal.util.experiment.component.ComputeQualityIndicators</class>
  <method>run</method>
  <thread>14</thread>
  <message>HV: 0.875768186328118</message>
</record>
<record>
  <date>2017-12-16T17:55:06</date>
  <millis>1513446906276</millis>
  <sequence>9</sequence>
  <logger>org.uma.jmetal.util.JMetalLogger</logger>
  <level>INFO</level>
  <class>org.uma.jmetal.util.experiment.component.GenerateLatexTablesWithStatistics</class>
  <method>generateLatexScript</method>
  <thread>14</thread>
  <message>Creating config/AntiSpamStudy/latex directory</message>
</record>
<record>
  <date>2017-12-16T17:55:06</date>
  <millis>1513446906358</millis>
  <sequence>10</sequence>
  <logger>org.uma.jmetal.util.JMetalLogger</logger>
  <level>INFO</level>
  <class>org.uma.jmetal.util.experiment.component.ExecuteAlgorithms</class>
  <method>run</method>
  <thread>14</thread>
  <message>ExecuteAlgorithms: Preparing output directory</message>
</record>
<record>
  <date>2017-12-16T17:55:06</date>
  <millis>1513446906359</millis>
  <sequence>11</sequence>
  <logger>org.uma.jmetal.util.JMetalLogger</logger>
  <level>INFO</level>
  <class>org.uma.jmetal.util.experiment.util.ExperimentAlgorithm</class>
  <method>runAlgorithm</method>
  <thread>14</thread>
  <message> Running algorithm: NSGAII, problem: AntiSpamFilterProblem, run: 0, funFile: config/AntiSpamStudy/data/NSGAII/AntiSpamFilterProblem/FUN0.tsv</message>
</record>
<record>
  <date>2017-12-16T17:55:08</date>
  <millis>1513446908733</millis>
  <sequence>12</sequence>
  <logger>org.uma.jmetal.util.JMetalLogger</logger>
  <level>INFO</level>
  <class>org.uma.jmetal.util.experiment.component.ComputeQualityIndicators</class>
  <method>run</method>
  <thread>14</thread>
  <message>Computing indicator: HV</message>
</record>
<record>
  <date>2017-12-16T17:55:08</date>
  <millis>1513446908735</millis>
  <sequence>13</sequence>
  <logger>org.uma.jmetal.util.JMetalLogger</logger>
  <level>INFO</level>
  <class>org.uma.jmetal.util.experiment.component.ComputeQualityIndicators</class>
  <method>run</method>
  <thread>14</thread>
  <message>RF: config/referenceFronts/AntiSpamFilterProblem.rf</message>
</record>
<record>
  <date>2017-12-16T17:55:08</date>
  <millis>1513446908736</millis>
  <sequence>14</sequence>
  <logger>org.uma.jmetal.util.JMetalLogger</logger>
  <level>INFO</level>
  <class>org.uma.jmetal.util.experiment.component.ComputeQualityIndicators</class>
  <method>resetFile</method>
  <thread>14</thread>
  <message>File config/AntiSpamStudy/data/NSGAII/AntiSpamFilterProblem/HV exist.</message>
</record>
<record>
  <date>2017-12-16T17:55:08</date>
  <millis>1513446908737</millis>
  <sequence>15</sequence>
  <logger>org.uma.jmetal.util.JMetalLogger</logger>
  <level>INFO</level>
  <class>org.uma.jmetal.util.experiment.component.ComputeQualityIndicators</class>
  <method>resetFile</method>
  <thread>14</thread>
  <message>File config/AntiSpamStudy/data/NSGAII/AntiSpamFilterProblem/HV is a file. Deleting file.</message>
</record>
<record>
  <date>2017-12-16T17:55:08</date>
  <millis>1513446908739</millis>
  <sequence>16</sequence>
  <logger>org.uma.jmetal.util.JMetalLogger</logger>
  <level>INFO</level>
  <class>org.uma.jmetal.util.experiment.component.ComputeQualityIndicators</class>
  <method>resetFile</method>
  <thread>14</thread>
  <message>File succesfully deleted.</message>
</record>
<record>
  <date>2017-12-16T17:55:08</date>
  <millis>1513446908741</millis>
  <sequence>17</sequence>
  <logger>org.uma.jmetal.util.JMetalLogger</logger>
  <level>INFO</level>
  <class>org.uma.jmetal.util.experiment.component.ComputeQualityIndicators</class>
  <method>run</method>
  <thread>14</thread>
  <message>HV: 0.2763710894718128</message>
</record>
<record>
  <date>2017-12-16T17:55:08</date>
  <millis>1513446908768</millis>
  <sequence>18</sequence>
  <logger>org.uma.jmetal.util.JMetalLogger</logger>
  <level>INFO</level>
  <class>org.uma.jmetal.util.experiment.component.ExecuteAlgorithms</class>
  <method>run</method>
  <thread>14</thread>
  <message>ExecuteAlgorithms: Preparing output directory</message>
</record>
<record>
  <date>2017-12-16T17:55:08</date>
  <millis>1513446908769</millis>
  <sequence>19</sequence>
  <logger>org.uma.jmetal.util.JMetalLogger</logger>
  <level>INFO</level>
  <class>org.uma.jmetal.util.experiment.util.ExperimentAlgorithm</class>
  <method>runAlgorithm</method>
  <thread>14</thread>
  <message> Running algorithm: NSGAII, problem: AntiSpamFilterProblem, run: 0, funFile: config/AntiSpamStudy/data/NSGAII/AntiSpamFilterProblem/FUN0.tsv</message>
</record>
<record>
  <date>2017-12-16T17:55:10</date>
  <millis>1513446910528</millis>
  <sequence>20</sequence>
  <logger>org.uma.jmetal.util.JMetalLogger</logger>
  <level>INFO</level>
  <class>org.uma.jmetal.util.experiment.component.ComputeQualityIndicators</class>
  <method>run</method>
  <thread>14</thread>
  <message>Computing indicator: HV</message>
</record>
<record>
  <date>2017-12-16T17:55:10</date>
  <millis>1513446910528</millis>
  <sequence>21</sequence>
  <logger>org.uma.jmetal.util.JMetalLogger</logger>
  <level>INFO</level>
  <class>org.uma.jmetal.util.experiment.component.ComputeQualityIndicators</class>
  <method>run</method>
  <thread>14</thread>
  <message>RF: config/referenceFronts/AntiSpamFilterProblem.rf</message>
</record>
<record>
  <date>2017-12-16T17:55:10</date>
  <millis>1513446910533</millis>
  <sequence>22</sequence>
  <logger>org.uma.jmetal.util.JMetalLogger</logger>
  <level>INFO</level>
  <class>org.uma.jmetal.util.experiment.component.ExecuteAlgorithms</class>
  <method>run</method>
  <thread>14</thread>
  <message>ExecuteAlgorithms: Preparing output directory</message>
</record>
<record>
  <date>2017-12-16T17:55:10</date>
  <millis>1513446910534</millis>
  <sequence>23</sequence>
  <logger>org.uma.jmetal.util.JMetalLogger</logger>
  <level>INFO</level>
  <class>org.uma.jmetal.util.experiment.util.ExperimentAlgorithm</class>
  <method>runAlgorithm</method>
  <thread>14</thread>
  <message> Running algorithm: NSGAII, problem: AntiSpamFilterProblem, run: 0, funFile: config/AntiSpamStudy/data/NSGAII/AntiSpamFilterProblem/FUN0.tsv</message>
</record>
<record>
  <date>2017-12-16T17:55:12</date>
  <millis>1513446912331</millis>
  <sequence>24</sequence>
  <logger>org.uma.jmetal.util.JMetalLogger</logger>
  <level>INFO</level>
  <class>org.uma.jmetal.util.experiment.component.ComputeQualityIndicators</class>
  <method>run</method>
  <thread>14</thread>
  <message>Computing indicator: HV</message>
</record>
<record>
  <date>2017-12-16T17:55:12</date>
  <millis>1513446912332</millis>
  <sequence>25</sequence>
  <logger>org.uma.jmetal.util.JMetalLogger</logger>
  <level>INFO</level>
  <class>org.uma.jmetal.util.experiment.component.ComputeQualityIndicators</class>
  <method>run</method>
  <thread>14</thread>
  <message>RF: config/referenceFronts/AntiSpamFilterProblem.rf</message>
</record>
<record>
  <date>2017-12-16T17:55:12</date>
  <millis>1513446912335</millis>
  <sequence>26</sequence>
  <logger>org.uma.jmetal.util.JMetalLogger</logger>
  <level>INFO</level>
  <class>org.uma.jmetal.util.experiment.component.ExecuteAlgorithms</class>
  <method>run</method>
  <thread>14</thread>
  <message>ExecuteAlgorithms: Preparing output directory</message>
</record>
<record>
  <date>2017-12-16T17:55:12</date>
  <millis>1513446912337</millis>
  <sequence>27</sequence>
  <logger>org.uma.jmetal.util.JMetalLogger</logger>
  <level>INFO</level>
  <class>org.uma.jmetal.util.experiment.util.ExperimentAlgorithm</class>
  <method>runAlgorithm</method>
  <thread>14</thread>
  <message> Running algorithm: NSGAII, problem: AntiSpamFilterProblem, run: 0, funFile: config/AntiSpamStudy/data/NSGAII/AntiSpamFilterProblem/FUN0.tsv</message>
</record>
